
> agentic-qa-ui@0.1.0 dev
> vite

6:18:39 PM [vite] (client) Re-optimizing dependencies because lockfile has changed

  VITE v6.4.3  ready in 180 ms

  ➜  Local:   http://localhost:5173/
  ➜  Network: use --host to expose
Assets in public directory cannot be imported from JavaScript.
If you intend to import that asset, put the file in the src directory, and use /src/data_out.json instead of /public/data_out.json.
If you intend to use the URL of that asset, use /data_out.json?url.
Assets in public directory cannot be imported from JavaScript.
If you intend to import that asset, put the file in the src directory, and use /src/data_out.json instead of /public/data_out.json.
If you intend to use the URL of that asset, use /data_out.json?url.
6:54:26 PM [vite] (client) hmr update /src/index.css, /src/components/AppShell.tsx, /src/pages/QnaPortal.tsx, /src/pages/Observability.tsx
Assets in public directory cannot be imported from JavaScript.
If you intend to import that asset, put the file in the src directory, and use /src/data_out.json instead of /public/data_out.json.
If you intend to use the URL of that asset, use /data_out.json?url.
Assets in public directory cannot be imported from JavaScript.
If you intend to import that asset, put the file in the src directory, and use /src/data_out.json instead of /public/data_out.json.
If you intend to use the URL of that asset, use /data_out.json?url.
Assets in public directory cannot be imported from JavaScript.
If you intend to import that asset, put the file in the src directory, and use /src/data_out.json instead of /public/data_out.json.
If you intend to use the URL of that asset, use /data_out.json?url.
7:47:54 PM [vite] (client) page reload index.html
7:48:13 PM [vite] (client) page reload tailwind.config.js
7:48:29 PM [vite] (client) hmr update /src/index.css
7:49:21 PM [vite] (client) hmr update /src/index.css, /src/pages/QnaPortal.tsx
7:49:37 PM [vite] (client) hmr update /src/App.tsx, /src/index.css, /src/components/AppShell.tsx
7:50:06 PM [vite] (client) hmr update /src/components/MakersMark.tsx, /src/index.css
7:50:20 PM [vite] (client) hmr update /src/components/AppShell.tsx, /src/index.css
7:50:27 PM [vite] (client) hmr update /src/App.tsx, /src/index.css
7:51:38 PM [vite] (client) page reload src/components/ui/button.tsx
7:51:47 PM [vite] (client) page reload src/components/ui/button.tsx
7:51:54 PM [vite] (client) page reload src/components/ui/dialog.tsx
7:51:59 PM [vite] (client) hmr update /src/components/ui/tooltip.tsx, /src/index.css
7:52:33 PM [vite] (client) page reload src/components/ui/button.tsx
8:00:25 PM [vite] (client) page reload src/lib/types.ts
8:01:31 PM [vite] (client) hmr update /src/index.css, /src/components/AppShell.tsx, /src/pages/QnaPortal.tsx, /src/pages/Observability.tsx
8:09:21 PM [vite] (client) hmr update /src/pages/QnaPortal.tsx, /src/index.css
8:09:41 PM [vite] (client) hmr update /src/pages/Observability.tsx, /src/index.css
